[2025-06-09 21:05:06]: Service 'FileMonitoringService' initialized. Log file: F:\Projects\File-Monitoring-Service\Logs\app.log
[2025-06-09 21:05:06]: Service 'FileMonitoringService' starting in console mode (UserInteractive = true)
[2025-06-09 21:05:06]: Service 'FileMonitoringService' execution started.
[2025-06-09 21:05:19]: Service 'FileMonitoringService' stopping...
[2025-06-09 21:05:19]: Worker execution cancelled
[2025-06-09 21:05:19]: Service 'FileMonitoringService' execution ended
[2025-06-09 21:08:14]: Service 'FileMonitoringService' initialized. Log file: F:\Projects\File-Monitoring-Service\Logs\app.log
[2025-06-09 21:08:15]: Service 'FileMonitoringService' starting in console mode (UserInteractive = true)
[2025-06-09 21:08:15]: Service 'FileMonitoringService' execution started.
[2025-06-09 21:08:32]: Service 'FileMonitoringService' stopping...
[2025-06-09 21:08:32]: Worker execution cancelled
[2025-06-09 21:08:32]: Service 'FileMonitoringService' execution ended
[2025-06-09 21:12:14]: Service 'FileMonitoringService' initialized. Log file: F:\Projects\File-Monitoring-Service\Logs\app.log
[2025-06-09 21:12:14]: Service 'FileMonitoringService' starting in console mode (UserInteractive = true)
[2025-06-09 21:12:14]: Service 'FileMonitoringService' execution started.
[2025-06-09 21:12:29]: Service 'FileMonitoringService' stopping...
[2025-06-09 21:12:29]: Worker execution cancelled
[2025-06-09 21:12:29]: Service 'FileMonitoringService' execution ended
[2025-06-09 21:15:37]: Service 'FileMonitoringService' initialized. Log file: F:\Projects\File-Monitoring-Service\Logs\app.log
[2025-06-09 21:15:37]: Service 'FileMonitoringService' starting in console mode (UserInteractive = true)
[2025-06-09 21:15:37]: Service 'FileMonitoringService' execution started.
[2025-06-09 21:15:45]: Service 'FileMonitoringService' stopping...
[2025-06-09 21:15:45]: Worker execution cancelled
[2025-06-09 21:15:45]: Service 'FileMonitoringService' execution ended
[2025-06-09 21:15:56]: Service 'FileMonitoringService' initialized. Log file: F:\Projects\File-Monitoring-Service\Logs\app.log
[2025-06-09 21:15:56]: Service 'FileMonitoringService' starting in console mode (UserInteractive = true)
[2025-06-09 21:15:56]: Service 'FileMonitoringService' execution started.
[2025-06-09 21:15:58]: Service 'FileMonitoringService' stopping...
[2025-06-09 21:15:58]: Worker execution cancelled
[2025-06-09 21:15:58]: Service 'FileMonitoringService' execution ended
[2025-06-09 21:17:27]: Service 'FileMonitoringService' initialized. Log file: F:\Projects\File-Monitoring-Service\Logs\app.log
[2025-06-09 21:17:27]: Service 'FileMonitoringService' starting in console mode (UserInteractive = true)
[2025-06-09 21:17:27]: Service 'FileMonitoringService' execution started.
[2025-06-09 21:20:09]: Service 'FileMonitoringService' stopping...
[2025-06-09 21:20:09]: Worker execution cancelled
[2025-06-09 21:20:09]: Service 'FileMonitoringService' execution ended
[2025-06-09 21:22:40]: Service 'FileMonitoringService' initialized. Log file: F:\Projects\File-Monitoring-Service\Logs\app.log
[2025-06-09 21:22:40]: Service 'FileMonitoringService' starting in console mode (UserInteractive = true)
[2025-06-09 21:22:40]: Service 'FileMonitoringService' execution started.
[2025-06-09 21:22:53]: Service 'FileMonitoringService' stopping...
[2025-06-09 21:22:53]: Worker execution cancelled
[2025-06-09 21:22:53]: Service 'FileMonitoringService' execution ended
[2025-06-09 21:25:25]: Service 'FileMonitoringService' initialized. Log file: F:\Projects\File-Monitoring-Service\Logs\app.log
[2025-06-09 21:25:25]: Service 'FileMonitoringService' starting in console mode (UserInteractive = true)
[2025-06-09 21:25:25]: Service 'FileMonitoringService' execution started.
[2025-06-09 21:36:28]: Service 'FileMonitoringService' stopping...
[2025-06-09 21:36:28]: Worker execution cancelled
[2025-06-09 21:36:28]: Service 'FileMonitoringService' execution ended
[2025-06-09 21:38:21]: Service 'FileMonitoringService' initialized. Log file: F:\Projects\File-Monitoring-Service\Logs\app.log
[2025-06-09 21:38:21]: Service 'FileMonitoringService' Started in Console Mode (UserInteractive = true).
[2025-06-09 21:38:41]: Service 'FileMonitoringService' Stopped.
[2025-06-09 21:38:41]: Worker execution cancelled
[2025-06-09 22:14:14]: Service 'FileMonitoringService' Started in Console Mode (UserInteractive = true).
[2025-06-09 22:16:44]: Service 'FileMonitoringService' Started in Console Mode (UserInteractive = true).
[2025-06-09 22:17:45]: Service 'FileMonitoringService' Started in Console Mode (UserInteractive = true).
[2025-06-09 22:18:14]: Service 'FileMonitoringService' Started in Console Mode (UserInteractive = true).
[2025-06-09 22:18:46]: Service 'FileMonitoringService' Stopped.
[2025-06-09 22:18:46]: Worker execution cancelled
[2025-06-09 22:26:49]: Service 'FileMonitoringService' Started in Console Mode (UserInteractive = true).
[2025-06-09 22:28:50]: Service 'FileMonitoringService' Stopped.
[2025-06-09 22:28:50]: Worker execution cancelled
[2025-06-09 22:35:20]: Service 'FileMonitoringService' Started in Console Mode (UserInteractive = true).
[2025-06-09 22:37:21]: Service 'FileMonitoringService' Started in Console Mode (UserInteractive = true).
[2025-06-09 22:39:07]: Service 'FileMonitoringService' Stopped.
[2025-06-09 22:39:07]: Worker execution cancelled
[2025-06-09 22:39:11]: Service 'FileMonitoringService' Started in Console Mode (UserInteractive = true).
[2025-06-09 22:39:14]: Service 'FileMonitoringService' Stopped.
[2025-06-09 22:39:14]: Worker execution cancelled
[2025-06-09 22:39:29]: Service 'FileMonitoringService' Started in Console Mode (UserInteractive = true).
[2025-06-09 22:40:42]: Service 'FileMonitoringService' Stopped.
[2025-06-09 22:40:42]: Worker execution cancelled
[2025-06-09 22:40:46]: Service 'FileMonitoringService' Started in Console Mode (UserInteractive = true).
[2025-06-09 22:44:26]: Service 'FileMonitoringService' Stopped.
[2025-06-09 22:44:26]: Worker execution cancelled
[2025-06-09 22:51:07]: Service 'FileMonitoringService' Started in Console Mode (UserInteractive = true).
[2025-06-09 22:53:53]: Service 'FileMonitoringService' Stopped.
[2025-06-09 22:53:53]: Worker execution cancelled
[2025-06-09 22:56:47]: Service 'FileMonitoringService' Started in Console Mode (UserInteractive = true).
[2025-06-09 22:56:48]: Service 'FileMonitoringService' Stopped.
[2025-06-09 22:56:48]: Worker execution cancelled
[2025-06-09 23:12:09]: Service 'FileMonitoringService' Started in Windows Service (UserInteractive = false).
[2025-06-09 23:13:53]: Service 'FileMonitoringService' Started in Windows Service (UserInteractive = false).
[2025-06-09 23:29:05]: Service 'FileMonitoringService' Started in Windows Service (UserInteractive = false).
[2025-06-09 23:29:09]: Service 'FileMonitoringService' Stopped.
[2025-06-09 23:29:09]: Worker execution cancelled
[2025-06-09 23:35:42]: Service 'FileMonitoringService' Started in Windows Service (UserInteractive = false).
[2025-06-09 23:38:29]: Service 'FileMonitoringService' Stopped.
[2025-06-09 23:38:29]: Worker execution cancelled
