[2025-06-09 22:41:00]: File Created: F:\Projects\File-Monitoring-Service\Monitoring\Source\diagram.drawio
[2025-06-09 22:41:15]: File Deleted: F:\Projects\File-Monitoring-Service\Monitoring\Source\report.docx
[2025-06-09 22:41:35]: File Created: F:\Projects\File-Monitoring-Service\Monitoring\Source\assignment.docx
[2025-06-09 22:41:54]: File Renamed from assignment.docx to report.docx, 
	>> Old Path: F:\Projects\File-Monitoring-Service\Monitoring\Source\assignment.docx
	>> New Path: F:\Projects\File-Monitoring-Service\Monitoring\Source\report.docx
[2025-06-09 22:42:18]: File Changed: F:\Projects\File-Monitoring-Service\Monitoring\Source\report.docx
[2025-06-09 22:42:18]: File Changed: F:\Projects\File-Monitoring-Service\Monitoring\Source\report.docx
[2025-06-09 22:42:58]: File Changed: F:\Projects\File-Monitoring-Service\Monitoring\Source\report.docx
[2025-06-09 22:42:58]: File Changed: F:\Projects\File-Monitoring-Service\Monitoring\Source\report.docx
[2025-06-09 22:44:00]: File Created: F:\Projects\File-Monitoring-Service\Monitoring\Source\README.md
[2025-06-09 22:44:00]: File Changed: F:\Projects\File-Monitoring-Service\Monitoring\Source\README.md
[2025-06-09 22:44:00]: File Changed: F:\Projects\File-Monitoring-Service\Monitoring\Source\README.md
[2025-06-09 22:44:18]: File Deleted: F:\Projects\File-Monitoring-Service\Monitoring\Source\README.md
[2025-06-09 22:51:53]: File Created: F:\Projects\File-Monitoring-Service\Monitoring\Source\README.md
[2025-06-09 22:51:53]: File Changed: F:\Projects\File-Monitoring-Service\Monitoring\Source\README.md
[2025-06-09 22:52:16]: File Changed: F:\Projects\File-Monitoring-Service\Monitoring\Source\food.txt
[2025-06-09 22:52:16]: File Changed: F:\Projects\File-Monitoring-Service\Monitoring\Source\food.txt
[2025-06-09 22:52:28]: File Changed: F:\Projects\File-Monitoring-Service\Monitoring\Source\kkkkkk.lol
[2025-06-09 22:52:44]: File Changed: F:\Projects\File-Monitoring-Service\Monitoring\Source\report.docx
[2025-06-09 22:52:44]: File Changed: F:\Projects\File-Monitoring-Service\Monitoring\Source\report.docx
[2025-06-09 22:52:46]: File Changed: F:\Projects\File-Monitoring-Service\Monitoring\Source\report.docx
[2025-06-09 22:52:46]: File Changed: F:\Projects\File-Monitoring-Service\Monitoring\Source\report.docx
[2025-06-09 22:52:47]: File Changed: F:\Projects\File-Monitoring-Service\Monitoring\Source\report.docx
[2025-06-09 22:52:47]: File Changed: F:\Projects\File-Monitoring-Service\Monitoring\Source\report.docx
[2025-06-09 22:52:54]: File Changed: F:\Projects\File-Monitoring-Service\Monitoring\Source\report.docx
[2025-06-09 22:52:56]: File Changed: F:\Projects\File-Monitoring-Service\Monitoring\Source\report.docx
[2025-06-09 22:52:59]: File Changed: F:\Projects\File-Monitoring-Service\Monitoring\Source\report.docx
[2025-06-09 22:52:59]: File Changed: F:\Projects\File-Monitoring-Service\Monitoring\Source\report.docx
[2025-06-09 22:52:59]: File Changed: F:\Projects\File-Monitoring-Service\Monitoring\Source\report.docx
[2025-06-09 22:53:04]: File Changed: F:\Projects\File-Monitoring-Service\Monitoring\Source\kkkkkk.lol
[2025-06-09 22:53:06]: File Changed: F:\Projects\File-Monitoring-Service\Monitoring\Source\kkkkkk.lol
[2025-06-09 22:53:07]: File Changed: F:\Projects\File-Monitoring-Service\Monitoring\Source\kkkkkk.lol
[2025-06-09 22:53:07]: File Changed: F:\Projects\File-Monitoring-Service\Monitoring\Source\kkkkkk.lol
[2025-06-09 22:53:11]: File Changed: F:\Projects\File-Monitoring-Service\Monitoring\Source\kkkkkk.lol
[2025-06-09 22:53:22]: File Changed: F:\Projects\File-Monitoring-Service\Monitoring\Source\README.md
[2025-06-09 22:53:22]: File Changed: F:\Projects\File-Monitoring-Service\Monitoring\Source\README.md
[2025-06-09 22:53:25]: File Changed: F:\Projects\File-Monitoring-Service\Monitoring\Source\README.md
[2025-06-09 22:53:29]: File Changed: F:\Projects\File-Monitoring-Service\Monitoring\Source\README.md
[2025-06-09 22:53:45]: File Changed: F:\Projects\File-Monitoring-Service\Monitoring\Source\kkkkkk.lol
